mode: atomic
github.com/PhilSuslov/homework/inventory/internal/repository/converter/part.go:9.64,23.2 1 0
github.com/PhilSuslov/homework/inventory/internal/repository/converter/part.go:25.60,39.2 1 14
github.com/PhilSuslov/homework/inventory/internal/repository/converter/part.go:41.70,49.2 1 0
github.com/PhilSuslov/homework/inventory/internal/repository/converter/part.go:51.74,60.2 1 7
github.com/PhilSuslov/homework/inventory/internal/repository/converter/part.go:62.89,66.2 1 7
github.com/PhilSuslov/homework/inventory/internal/repository/converter/part.go:69.85,73.2 1 0
github.com/PhilSuslov/homework/inventory/internal/repository/converter/part.go:75.71,77.24 2 0
github.com/PhilSuslov/homework/inventory/internal/repository/converter/part.go:77.24,79.3 1 0
github.com/PhilSuslov/homework/inventory/internal/repository/converter/part.go:80.2,80.12 1 0
github.com/PhilSuslov/homework/inventory/internal/repository/converter/part.go:83.75,85.24 2 7
github.com/PhilSuslov/homework/inventory/internal/repository/converter/part.go:85.24,87.3 1 2
github.com/PhilSuslov/homework/inventory/internal/repository/converter/part.go:88.2,88.12 1 7
github.com/PhilSuslov/homework/inventory/internal/repository/converter/part.go:91.70,93.24 2 0
github.com/PhilSuslov/homework/inventory/internal/repository/converter/part.go:93.24,95.3 1 0
github.com/PhilSuslov/homework/inventory/internal/repository/converter/part.go:96.2,96.12 1 0
github.com/PhilSuslov/homework/inventory/internal/repository/converter/part.go:99.66,101.24 2 7
github.com/PhilSuslov/homework/inventory/internal/repository/converter/part.go:101.24,103.3 1 13
github.com/PhilSuslov/homework/inventory/internal/repository/converter/part.go:104.2,104.12 1 7
github.com/PhilSuslov/homework/inventory/internal/repository/part/get.go:11.109,16.9 4 2
github.com/PhilSuslov/homework/inventory/internal/repository/part/get.go:16.9,18.3 1 1
github.com/PhilSuslov/homework/inventory/internal/repository/part/get.go:20.2,22.8 1 1
github.com/PhilSuslov/homework/inventory/internal/repository/part/list.go:11.114,18.31 5 7
github.com/PhilSuslov/homework/inventory/internal/repository/part/list.go:18.31,19.34 1 28
github.com/PhilSuslov/homework/inventory/internal/repository/part/list.go:19.34,21.4 1 13
github.com/PhilSuslov/homework/inventory/internal/repository/part/list.go:23.2,25.8 1 7
github.com/PhilSuslov/homework/inventory/internal/repository/part/list.go:28.79,29.14 1 28
github.com/PhilSuslov/homework/inventory/internal/repository/part/list.go:29.14,31.3 1 0
github.com/PhilSuslov/homework/inventory/internal/repository/part/list.go:34.2,34.29 1 28
github.com/PhilSuslov/homework/inventory/internal/repository/part/list.go:34.29,36.37 2 4
github.com/PhilSuslov/homework/inventory/internal/repository/part/list.go:36.37,37.23 1 4
github.com/PhilSuslov/homework/inventory/internal/repository/part/list.go:37.23,39.10 2 1
github.com/PhilSuslov/homework/inventory/internal/repository/part/list.go:42.3,42.13 1 4
github.com/PhilSuslov/homework/inventory/internal/repository/part/list.go:42.13,44.4 1 3
github.com/PhilSuslov/homework/inventory/internal/repository/part/list.go:48.2,48.29 1 25
github.com/PhilSuslov/homework/inventory/internal/repository/part/list.go:48.29,50.39 2 4
github.com/PhilSuslov/homework/inventory/internal/repository/part/list.go:50.39,51.25 1 4
github.com/PhilSuslov/homework/inventory/internal/repository/part/list.go:51.25,53.10 2 1
github.com/PhilSuslov/homework/inventory/internal/repository/part/list.go:56.3,56.13 1 4
github.com/PhilSuslov/homework/inventory/internal/repository/part/list.go:56.13,58.4 1 3
github.com/PhilSuslov/homework/inventory/internal/repository/part/list.go:62.2,62.34 1 22
github.com/PhilSuslov/homework/inventory/internal/repository/part/list.go:62.34,64.43 2 8
github.com/PhilSuslov/homework/inventory/internal/repository/part/list.go:64.43,65.28 1 8
github.com/PhilSuslov/homework/inventory/internal/repository/part/list.go:65.28,67.10 2 4
github.com/PhilSuslov/homework/inventory/internal/repository/part/list.go:70.3,70.13 1 8
github.com/PhilSuslov/homework/inventory/internal/repository/part/list.go:70.13,72.4 1 4
github.com/PhilSuslov/homework/inventory/internal/repository/part/list.go:76.2,76.45 1 18
github.com/PhilSuslov/homework/inventory/internal/repository/part/list.go:76.45,78.58 2 6
github.com/PhilSuslov/homework/inventory/internal/repository/part/list.go:78.58,79.44 1 6
github.com/PhilSuslov/homework/inventory/internal/repository/part/list.go:79.44,81.10 2 4
github.com/PhilSuslov/homework/inventory/internal/repository/part/list.go:84.3,84.13 1 6
github.com/PhilSuslov/homework/inventory/internal/repository/part/list.go:84.13,86.4 1 2
github.com/PhilSuslov/homework/inventory/internal/repository/part/list.go:90.2,90.28 1 16
github.com/PhilSuslov/homework/inventory/internal/repository/part/list.go:90.28,92.37 2 6
github.com/PhilSuslov/homework/inventory/internal/repository/part/list.go:92.37,93.38 1 6
github.com/PhilSuslov/homework/inventory/internal/repository/part/list.go:93.38,94.23 1 6
github.com/PhilSuslov/homework/inventory/internal/repository/part/list.go:94.23,96.11 2 3
github.com/PhilSuslov/homework/inventory/internal/repository/part/list.go:99.4,99.13 1 6
github.com/PhilSuslov/homework/inventory/internal/repository/part/list.go:99.13,100.10 1 3
github.com/PhilSuslov/homework/inventory/internal/repository/part/list.go:103.3,103.13 1 6
github.com/PhilSuslov/homework/inventory/internal/repository/part/list.go:103.13,105.4 1 3
github.com/PhilSuslov/homework/inventory/internal/repository/part/list.go:108.2,108.13 1 13
github.com/PhilSuslov/homework/inventory/internal/repository/part/repository.go:19.34,31.2 4 9
github.com/PhilSuslov/homework/inventory/internal/service/part/get.go:10.106,13.16 2 2
github.com/PhilSuslov/homework/inventory/internal/service/part/get.go:13.16,15.3 1 1
github.com/PhilSuslov/homework/inventory/internal/service/part/get.go:17.2,17.18 1 1
github.com/PhilSuslov/homework/inventory/internal/service/part/list.go:9.111,11.16 2 7
github.com/PhilSuslov/homework/inventory/internal/service/part/list.go:11.16,13.3 1 0
github.com/PhilSuslov/homework/inventory/internal/service/part/list.go:15.2,15.18 1 7
github.com/PhilSuslov/homework/inventory/internal/service/part/service.go:14.63,18.2 1 11
github.com/PhilSuslov/homework/inventory/internal/repository/converter/part.go:9.64,23.2 1 0
github.com/PhilSuslov/homework/inventory/internal/repository/converter/part.go:25.60,39.2 1 0
github.com/PhilSuslov/homework/inventory/internal/repository/converter/part.go:41.70,49.2 1 0
github.com/PhilSuslov/homework/inventory/internal/repository/converter/part.go:51.74,60.2 1 0
github.com/PhilSuslov/homework/inventory/internal/repository/converter/part.go:62.89,66.2 1 0
github.com/PhilSuslov/homework/inventory/internal/repository/converter/part.go:69.85,73.2 1 0
github.com/PhilSuslov/homework/inventory/internal/repository/converter/part.go:75.71,77.24 2 0
github.com/PhilSuslov/homework/inventory/internal/repository/converter/part.go:77.24,79.3 1 0
github.com/PhilSuslov/homework/inventory/internal/repository/converter/part.go:80.2,80.12 1 0
github.com/PhilSuslov/homework/inventory/internal/repository/converter/part.go:83.75,85.24 2 0
github.com/PhilSuslov/homework/inventory/internal/repository/converter/part.go:85.24,87.3 1 0
github.com/PhilSuslov/homework/inventory/internal/repository/converter/part.go:88.2,88.12 1 0
github.com/PhilSuslov/homework/inventory/internal/repository/converter/part.go:91.70,93.24 2 0
github.com/PhilSuslov/homework/inventory/internal/repository/converter/part.go:93.24,95.3 1 0
github.com/PhilSuslov/homework/inventory/internal/repository/converter/part.go:96.2,96.12 1 0
github.com/PhilSuslov/homework/inventory/internal/repository/converter/part.go:99.66,101.24 2 0
github.com/PhilSuslov/homework/inventory/internal/repository/converter/part.go:101.24,103.3 1 0
github.com/PhilSuslov/homework/inventory/internal/repository/converter/part.go:104.2,104.12 1 0
github.com/PhilSuslov/homework/inventory/internal/repository/part/get.go:11.109,16.9 4 0
github.com/PhilSuslov/homework/inventory/internal/repository/part/get.go:16.9,18.3 1 0
github.com/PhilSuslov/homework/inventory/internal/repository/part/get.go:20.2,22.8 1 0
github.com/PhilSuslov/homework/inventory/internal/repository/part/list.go:11.114,18.31 5 0
github.com/PhilSuslov/homework/inventory/internal/repository/part/list.go:18.31,19.34 1 0
github.com/PhilSuslov/homework/inventory/internal/repository/part/list.go:19.34,21.4 1 0
github.com/PhilSuslov/homework/inventory/internal/repository/part/list.go:23.2,25.8 1 0
github.com/PhilSuslov/homework/inventory/internal/repository/part/list.go:28.79,29.14 1 0
github.com/PhilSuslov/homework/inventory/internal/repository/part/list.go:29.14,31.3 1 0
github.com/PhilSuslov/homework/inventory/internal/repository/part/list.go:34.2,34.29 1 0
github.com/PhilSuslov/homework/inventory/internal/repository/part/list.go:34.29,36.37 2 0
github.com/PhilSuslov/homework/inventory/internal/repository/part/list.go:36.37,37.23 1 0
github.com/PhilSuslov/homework/inventory/internal/repository/part/list.go:37.23,39.10 2 0
github.com/PhilSuslov/homework/inventory/internal/repository/part/list.go:42.3,42.13 1 0
github.com/PhilSuslov/homework/inventory/internal/repository/part/list.go:42.13,44.4 1 0
github.com/PhilSuslov/homework/inventory/internal/repository/part/list.go:48.2,48.29 1 0
github.com/PhilSuslov/homework/inventory/internal/repository/part/list.go:48.29,50.39 2 0
github.com/PhilSuslov/homework/inventory/internal/repository/part/list.go:50.39,51.25 1 0
github.com/PhilSuslov/homework/inventory/internal/repository/part/list.go:51.25,53.10 2 0
github.com/PhilSuslov/homework/inventory/internal/repository/part/list.go:56.3,56.13 1 0
github.com/PhilSuslov/homework/inventory/internal/repository/part/list.go:56.13,58.4 1 0
github.com/PhilSuslov/homework/inventory/internal/repository/part/list.go:62.2,62.34 1 0
github.com/PhilSuslov/homework/inventory/internal/repository/part/list.go:62.34,64.43 2 0
github.com/PhilSuslov/homework/inventory/internal/repository/part/list.go:64.43,65.28 1 0
github.com/PhilSuslov/homework/inventory/internal/repository/part/list.go:65.28,67.10 2 0
github.com/PhilSuslov/homework/inventory/internal/repository/part/list.go:70.3,70.13 1 0
github.com/PhilSuslov/homework/inventory/internal/repository/part/list.go:70.13,72.4 1 0
github.com/PhilSuslov/homework/inventory/internal/repository/part/list.go:76.2,76.45 1 0
github.com/PhilSuslov/homework/inventory/internal/repository/part/list.go:76.45,78.58 2 0
github.com/PhilSuslov/homework/inventory/internal/repository/part/list.go:78.58,79.44 1 0
github.com/PhilSuslov/homework/inventory/internal/repository/part/list.go:79.44,81.10 2 0
github.com/PhilSuslov/homework/inventory/internal/repository/part/list.go:84.3,84.13 1 0
github.com/PhilSuslov/homework/inventory/internal/repository/part/list.go:84.13,86.4 1 0
github.com/PhilSuslov/homework/inventory/internal/repository/part/list.go:90.2,90.28 1 0
github.com/PhilSuslov/homework/inventory/internal/repository/part/list.go:90.28,92.37 2 0
github.com/PhilSuslov/homework/inventory/internal/repository/part/list.go:92.37,93.38 1 0
github.com/PhilSuslov/homework/inventory/internal/repository/part/list.go:93.38,94.23 1 0
github.com/PhilSuslov/homework/inventory/internal/repository/part/list.go:94.23,96.11 2 0
github.com/PhilSuslov/homework/inventory/internal/repository/part/list.go:99.4,99.13 1 0
github.com/PhilSuslov/homework/inventory/internal/repository/part/list.go:99.13,100.10 1 0
github.com/PhilSuslov/homework/inventory/internal/repository/part/list.go:103.3,103.13 1 0
github.com/PhilSuslov/homework/inventory/internal/repository/part/list.go:103.13,105.4 1 0
github.com/PhilSuslov/homework/inventory/internal/repository/part/list.go:108.2,108.13 1 0
github.com/PhilSuslov/homework/inventory/internal/repository/part/repository.go:19.34,31.2 4 0
