mode: atomic
github.com/PhilSuslov/homework/order/internal/repository/converter/order.go:10.104,15.2 1 0
github.com/PhilSuslov/homework/order/internal/repository/converter/order.go:17.104,22.2 1 4
github.com/PhilSuslov/homework/order/internal/repository/converter/order.go:24.101,28.2 1 0
github.com/PhilSuslov/homework/order/internal/repository/converter/order.go:30.76,34.2 1 0
github.com/PhilSuslov/homework/order/internal/repository/converter/order.go:36.89,38.2 1 8
github.com/PhilSuslov/homework/order/internal/repository/converter/order.go:40.89,42.2 1 0
github.com/PhilSuslov/homework/order/internal/repository/converter/order.go:44.70,46.2 1 0
github.com/PhilSuslov/homework/order/internal/repository/converter/order.go:48.73,50.2 1 0
github.com/PhilSuslov/homework/order/internal/repository/converter/order.go:52.79,57.2 2 1
github.com/PhilSuslov/homework/order/internal/repository/converter/order.go:59.105,63.2 1 0
github.com/PhilSuslov/homework/order/internal/repository/converter/order.go:65.112,69.2 1 0
github.com/PhilSuslov/homework/order/internal/repository/converter/order.go:71.112,75.2 1 0
github.com/PhilSuslov/homework/order/internal/repository/converter/order.go:77.83,87.2 1 1
github.com/PhilSuslov/homework/order/internal/repository/converter/order.go:89.104,94.2 1 1
github.com/PhilSuslov/homework/order/internal/repository/converter/order.go:96.83,106.2 1 1
github.com/PhilSuslov/homework/order/internal/repository/converter/order.go:108.104,113.2 1 1
github.com/PhilSuslov/homework/order/internal/repository/model/order.go:93.40,93.41 0 0
github.com/PhilSuslov/homework/order/internal/repository/model/order.go:94.50,94.51 0 0
github.com/PhilSuslov/homework/order/internal/repository/model/order.go:95.38,95.39 0 0
github.com/PhilSuslov/homework/order/internal/repository/order/cancel.go:13.108,18.2 4 0
github.com/PhilSuslov/homework/order/internal/repository/order/create.go:8.64,12.2 3 0
github.com/PhilSuslov/homework/order/internal/repository/order/get.go:11.111,17.2 4 0
github.com/PhilSuslov/homework/order/internal/repository/order/pay.go:15.148,20.2 4 0
github.com/PhilSuslov/homework/order/internal/repository/order/pay.go:22.109,25.9 3 0
github.com/PhilSuslov/homework/order/internal/repository/order/pay.go:25.9,27.3 1 0
github.com/PhilSuslov/homework/order/internal/repository/order/pay.go:28.2,39.19 8 0
github.com/PhilSuslov/homework/order/internal/repository/order/repository.go:18.32,22.2 1 0
github.com/PhilSuslov/homework/order/internal/service/order/cancel.go:14.85,16.9 2 3
github.com/PhilSuslov/homework/order/internal/service/order/cancel.go:16.9,18.3 1 1
github.com/PhilSuslov/homework/order/internal/service/order/cancel.go:20.2,20.82 1 2
github.com/PhilSuslov/homework/order/internal/service/order/cancel.go:20.82,22.3 1 1
github.com/PhilSuslov/homework/order/internal/service/order/cancel.go:24.2,27.12 2 1
github.com/PhilSuslov/homework/order/internal/service/order/create.go:17.151,18.64 1 1
github.com/PhilSuslov/homework/order/internal/service/order/create.go:18.64,20.3 1 0
github.com/PhilSuslov/homework/order/internal/service/order/create.go:22.2,23.38 2 1
github.com/PhilSuslov/homework/order/internal/service/order/create.go:23.38,25.3 1 2
github.com/PhilSuslov/homework/order/internal/service/order/create.go:28.2,33.16 2 1
github.com/PhilSuslov/homework/order/internal/service/order/create.go:33.16,36.3 2 0
github.com/PhilSuslov/homework/order/internal/service/order/create.go:38.2,41.52 2 1
github.com/PhilSuslov/homework/order/internal/service/order/create.go:41.52,44.3 2 0
github.com/PhilSuslov/homework/order/internal/service/order/create.go:47.2,48.36 2 1
github.com/PhilSuslov/homework/order/internal/service/order/create.go:48.36,51.3 2 2
github.com/PhilSuslov/homework/order/internal/service/order/create.go:52.2,70.8 5 1
github.com/PhilSuslov/homework/order/internal/service/order/get.go:16.111,19.9 2 2
github.com/PhilSuslov/homework/order/internal/service/order/get.go:19.9,22.3 2 1
github.com/PhilSuslov/homework/order/internal/service/order/get.go:24.2,26.17 2 1
github.com/PhilSuslov/homework/order/internal/service/order/newError.go:9.107,19.2 5 0
github.com/PhilSuslov/homework/order/internal/service/order/pay.go:17.93,20.9 2 4
github.com/PhilSuslov/homework/order/internal/service/order/pay.go:20.9,22.3 1 1
github.com/PhilSuslov/homework/order/internal/service/order/pay.go:24.2,24.81 1 3
github.com/PhilSuslov/homework/order/internal/service/order/pay.go:24.81,26.3 1 1
github.com/PhilSuslov/homework/order/internal/service/order/pay.go:28.2,28.86 1 2
github.com/PhilSuslov/homework/order/internal/service/order/pay.go:28.86,30.3 1 1
github.com/PhilSuslov/homework/order/internal/service/order/pay.go:33.2,34.27 2 1
github.com/PhilSuslov/homework/order/internal/service/order/pay.go:35.14,36.9 1 1
github.com/PhilSuslov/homework/order/internal/service/order/pay.go:37.13,38.9 1 0
github.com/PhilSuslov/homework/order/internal/service/order/pay.go:39.21,40.9 1 0
github.com/PhilSuslov/homework/order/internal/service/order/pay.go:41.24,42.9 1 0
github.com/PhilSuslov/homework/order/internal/service/order/pay.go:43.10,44.9 1 0
github.com/PhilSuslov/homework/order/internal/service/order/pay.go:48.2,53.16 2 1
github.com/PhilSuslov/homework/order/internal/service/order/pay.go:53.16,55.3 1 0
github.com/PhilSuslov/homework/order/internal/service/order/pay.go:56.2,62.31 5 1
github.com/PhilSuslov/homework/order/internal/service/order/pay.go:62.31,64.3 1 0
github.com/PhilSuslov/homework/order/internal/service/order/pay.go:65.2,65.17 1 1
github.com/PhilSuslov/homework/order/internal/service/order/pay.go:65.17,67.3 1 0
github.com/PhilSuslov/homework/order/internal/service/order/pay.go:68.2,69.22 2 1
github.com/PhilSuslov/homework/order/internal/service/order/service.go:22.89,28.2 1 0
github.com/PhilSuslov/homework/order/internal/repository/model/order.go:93.40,93.41 0 0
github.com/PhilSuslov/homework/order/internal/repository/model/order.go:94.50,94.51 0 0
github.com/PhilSuslov/homework/order/internal/repository/model/order.go:95.38,95.39 0 0
github.com/PhilSuslov/homework/order/internal/repository/converter/order.go:10.104,15.2 1 0
github.com/PhilSuslov/homework/order/internal/repository/converter/order.go:17.104,22.2 1 0
github.com/PhilSuslov/homework/order/internal/repository/converter/order.go:24.101,28.2 1 0
github.com/PhilSuslov/homework/order/internal/repository/converter/order.go:30.76,34.2 1 0
github.com/PhilSuslov/homework/order/internal/repository/converter/order.go:36.89,38.2 1 0
github.com/PhilSuslov/homework/order/internal/repository/converter/order.go:40.89,42.2 1 0
github.com/PhilSuslov/homework/order/internal/repository/converter/order.go:44.70,46.2 1 0
github.com/PhilSuslov/homework/order/internal/repository/converter/order.go:48.73,50.2 1 0
github.com/PhilSuslov/homework/order/internal/repository/converter/order.go:52.79,57.2 2 0
github.com/PhilSuslov/homework/order/internal/repository/converter/order.go:59.105,63.2 1 0
github.com/PhilSuslov/homework/order/internal/repository/converter/order.go:65.112,69.2 1 0
github.com/PhilSuslov/homework/order/internal/repository/converter/order.go:71.112,75.2 1 0
github.com/PhilSuslov/homework/order/internal/repository/converter/order.go:77.83,87.2 1 0
github.com/PhilSuslov/homework/order/internal/repository/converter/order.go:89.104,94.2 1 0
github.com/PhilSuslov/homework/order/internal/repository/converter/order.go:96.83,106.2 1 0
github.com/PhilSuslov/homework/order/internal/repository/converter/order.go:108.104,113.2 1 0
github.com/PhilSuslov/homework/order/internal/repository/order/cancel.go:13.108,18.2 4 0
github.com/PhilSuslov/homework/order/internal/repository/order/create.go:8.64,12.2 3 0
github.com/PhilSuslov/homework/order/internal/repository/order/get.go:11.111,17.2 4 0
github.com/PhilSuslov/homework/order/internal/repository/order/pay.go:15.148,20.2 4 0
github.com/PhilSuslov/homework/order/internal/repository/order/pay.go:22.109,25.9 3 0
github.com/PhilSuslov/homework/order/internal/repository/order/pay.go:25.9,27.3 1 0
github.com/PhilSuslov/homework/order/internal/repository/order/pay.go:28.2,39.19 8 0
github.com/PhilSuslov/homework/order/internal/repository/order/repository.go:18.32,22.2 1 0
