mode: atomic
github.com/PhilSuslov/homework/payment/internal/service/payment/pay.go:12.120,13.16 1 4
github.com/PhilSuslov/homework/payment/internal/service/payment/pay.go:13.16,15.3 1 1
github.com/PhilSuslov/homework/payment/internal/service/payment/pay.go:17.2,23.8 4 3
github.com/PhilSuslov/homework/payment/internal/service/payment/service.go:12.35,14.2 1 4
github.com/PhilSuslov/homework/order/internal/repository/converter/order.go:10.104,15.2 1 0
github.com/PhilSuslov/homework/order/internal/repository/converter/order.go:17.104,22.2 1 4
github.com/PhilSuslov/homework/order/internal/repository/converter/order.go:24.101,28.2 1 0
github.com/PhilSuslov/homework/order/internal/repository/converter/order.go:30.76,34.2 1 0
github.com/PhilSuslov/homework/order/internal/repository/converter/order.go:36.89,38.2 1 8
github.com/PhilSuslov/homework/order/internal/repository/converter/order.go:40.89,42.2 1 0
github.com/PhilSuslov/homework/order/internal/repository/converter/order.go:44.70,46.2 1 0
github.com/PhilSuslov/homework/order/internal/repository/converter/order.go:48.73,50.2 1 0
github.com/PhilSuslov/homework/order/internal/repository/converter/order.go:52.79,57.2 2 1
github.com/PhilSuslov/homework/order/internal/repository/converter/order.go:59.105,63.2 1 0
github.com/PhilSuslov/homework/order/internal/repository/converter/order.go:65.112,69.2 1 0
github.com/PhilSuslov/homework/order/internal/repository/converter/order.go:71.112,75.2 1 0
github.com/PhilSuslov/homework/order/internal/repository/converter/order.go:77.83,87.2 1 1
github.com/PhilSuslov/homework/order/internal/repository/converter/order.go:89.104,94.2 1 1
github.com/PhilSuslov/homework/order/internal/repository/converter/order.go:96.83,106.2 1 1
github.com/PhilSuslov/homework/order/internal/repository/converter/order.go:108.104,113.2 1 1
github.com/PhilSuslov/homework/order/internal/repository/model/order.go:93.40,93.41 0 0
github.com/PhilSuslov/homework/order/internal/repository/model/order.go:94.50,94.51 0 0
github.com/PhilSuslov/homework/order/internal/repository/model/order.go:95.38,95.39 0 0
github.com/PhilSuslov/homework/order/internal/repository/order/cancel.go:13.108,18.2 4 0
github.com/PhilSuslov/homework/order/internal/repository/order/create.go:8.64,12.2 3 0
github.com/PhilSuslov/homework/order/internal/repository/order/get.go:11.111,17.2 4 0
github.com/PhilSuslov/homework/order/internal/repository/order/pay.go:15.148,20.2 4 0
github.com/PhilSuslov/homework/order/internal/repository/order/pay.go:22.109,25.9 3 0
github.com/PhilSuslov/homework/order/internal/repository/order/pay.go:25.9,27.3 1 0
github.com/PhilSuslov/homework/order/internal/repository/order/pay.go:28.2,39.19 8 0
github.com/PhilSuslov/homework/order/internal/repository/order/repository.go:18.32,22.2 1 0
github.com/PhilSuslov/homework/order/internal/service/order/cancel.go:14.85,16.9 2 3
github.com/PhilSuslov/homework/order/internal/service/order/cancel.go:16.9,18.3 1 1
github.com/PhilSuslov/homework/order/internal/service/order/cancel.go:20.2,20.82 1 2
github.com/PhilSuslov/homework/order/internal/service/order/cancel.go:20.82,22.3 1 1
github.com/PhilSuslov/homework/order/internal/service/order/cancel.go:24.2,27.12 2 1
github.com/PhilSuslov/homework/order/internal/service/order/create.go:17.151,18.64 1 1
github.com/PhilSuslov/homework/order/internal/service/order/create.go:18.64,20.3 1 0
github.com/PhilSuslov/homework/order/internal/service/order/create.go:22.2,23.38 2 1
github.com/PhilSuslov/homework/order/internal/service/order/create.go:23.38,25.3 1 2
github.com/PhilSuslov/homework/order/internal/service/order/create.go:28.2,33.16 2 1
github.com/PhilSuslov/homework/order/internal/service/order/create.go:33.16,36.3 2 0
github.com/PhilSuslov/homework/order/internal/service/order/create.go:38.2,41.52 2 1
github.com/PhilSuslov/homework/order/internal/service/order/create.go:41.52,44.3 2 0
github.com/PhilSuslov/homework/order/internal/service/order/create.go:47.2,48.36 2 1
github.com/PhilSuslov/homework/order/internal/service/order/create.go:48.36,51.3 2 2
github.com/PhilSuslov/homework/order/internal/service/order/create.go:52.2,70.8 5 1
github.com/PhilSuslov/homework/order/internal/service/order/get.go:16.111,19.9 2 2
github.com/PhilSuslov/homework/order/internal/service/order/get.go:19.9,22.3 2 1
github.com/PhilSuslov/homework/order/internal/service/order/get.go:24.2,26.17 2 1
github.com/PhilSuslov/homework/order/internal/service/order/newError.go:9.107,19.2 5 0
github.com/PhilSuslov/homework/order/internal/service/order/pay.go:17.93,20.9 2 4
github.com/PhilSuslov/homework/order/internal/service/order/pay.go:20.9,22.3 1 1
github.com/PhilSuslov/homework/order/internal/service/order/pay.go:24.2,24.81 1 3
github.com/PhilSuslov/homework/order/internal/service/order/pay.go:24.81,26.3 1 1
github.com/PhilSuslov/homework/order/internal/service/order/pay.go:28.2,28.86 1 2
github.com/PhilSuslov/homework/order/internal/service/order/pay.go:28.86,30.3 1 1
github.com/PhilSuslov/homework/order/internal/service/order/pay.go:33.2,34.27 2 1
github.com/PhilSuslov/homework/order/internal/service/order/pay.go:35.14,36.9 1 1
github.com/PhilSuslov/homework/order/internal/service/order/pay.go:37.13,38.9 1 0
github.com/PhilSuslov/homework/order/internal/service/order/pay.go:39.21,40.9 1 0
github.com/PhilSuslov/homework/order/internal/service/order/pay.go:41.24,42.9 1 0
github.com/PhilSuslov/homework/order/internal/service/order/pay.go:43.10,44.9 1 0
github.com/PhilSuslov/homework/order/internal/service/order/pay.go:48.2,53.16 2 1
github.com/PhilSuslov/homework/order/internal/service/order/pay.go:53.16,55.3 1 0
github.com/PhilSuslov/homework/order/internal/service/order/pay.go:56.2,62.31 5 1
github.com/PhilSuslov/homework/order/internal/service/order/pay.go:62.31,64.3 1 0
github.com/PhilSuslov/homework/order/internal/service/order/pay.go:65.2,65.17 1 1
github.com/PhilSuslov/homework/order/internal/service/order/pay.go:65.17,67.3 1 0
github.com/PhilSuslov/homework/order/internal/service/order/pay.go:68.2,69.22 2 1
github.com/PhilSuslov/homework/order/internal/service/order/service.go:22.89,28.2 1 0
github.com/PhilSuslov/homework/order/internal/repository/model/order.go:93.40,93.41 0 0
github.com/PhilSuslov/homework/order/internal/repository/model/order.go:94.50,94.51 0 0
github.com/PhilSuslov/homework/order/internal/repository/model/order.go:95.38,95.39 0 0
github.com/PhilSuslov/homework/order/internal/repository/converter/order.go:10.104,15.2 1 0
github.com/PhilSuslov/homework/order/internal/repository/converter/order.go:17.104,22.2 1 0
github.com/PhilSuslov/homework/order/internal/repository/converter/order.go:24.101,28.2 1 0
github.com/PhilSuslov/homework/order/internal/repository/converter/order.go:30.76,34.2 1 0
github.com/PhilSuslov/homework/order/internal/repository/converter/order.go:36.89,38.2 1 0
github.com/PhilSuslov/homework/order/internal/repository/converter/order.go:40.89,42.2 1 0
github.com/PhilSuslov/homework/order/internal/repository/converter/order.go:44.70,46.2 1 0
github.com/PhilSuslov/homework/order/internal/repository/converter/order.go:48.73,50.2 1 0
github.com/PhilSuslov/homework/order/internal/repository/converter/order.go:52.79,57.2 2 0
github.com/PhilSuslov/homework/order/internal/repository/converter/order.go:59.105,63.2 1 0
github.com/PhilSuslov/homework/order/internal/repository/converter/order.go:65.112,69.2 1 0
github.com/PhilSuslov/homework/order/internal/repository/converter/order.go:71.112,75.2 1 0
github.com/PhilSuslov/homework/order/internal/repository/converter/order.go:77.83,87.2 1 0
github.com/PhilSuslov/homework/order/internal/repository/converter/order.go:89.104,94.2 1 0
github.com/PhilSuslov/homework/order/internal/repository/converter/order.go:96.83,106.2 1 0
github.com/PhilSuslov/homework/order/internal/repository/converter/order.go:108.104,113.2 1 0
github.com/PhilSuslov/homework/order/internal/repository/order/cancel.go:13.108,18.2 4 0
github.com/PhilSuslov/homework/order/internal/repository/order/create.go:8.64,12.2 3 0
github.com/PhilSuslov/homework/order/internal/repository/order/get.go:11.111,17.2 4 0
github.com/PhilSuslov/homework/order/internal/repository/order/pay.go:15.148,20.2 4 0
github.com/PhilSuslov/homework/order/internal/repository/order/pay.go:22.109,25.9 3 0
github.com/PhilSuslov/homework/order/internal/repository/order/pay.go:25.9,27.3 1 0
github.com/PhilSuslov/homework/order/internal/repository/order/pay.go:28.2,39.19 8 0
github.com/PhilSuslov/homework/order/internal/repository/order/repository.go:18.32,22.2 1 0
github.com/PhilSuslov/homework/inventory/internal/repository/converter/part.go:9.64,23.2 1 0
github.com/PhilSuslov/homework/inventory/internal/repository/converter/part.go:25.60,39.2 1 0
github.com/PhilSuslov/homework/inventory/internal/repository/converter/part.go:41.70,49.2 1 0
github.com/PhilSuslov/homework/inventory/internal/repository/converter/part.go:51.74,60.2 1 0
github.com/PhilSuslov/homework/inventory/internal/repository/converter/part.go:62.89,66.2 1 0
github.com/PhilSuslov/homework/inventory/internal/repository/converter/part.go:69.85,73.2 1 0
github.com/PhilSuslov/homework/inventory/internal/repository/converter/part.go:75.71,77.24 2 0
github.com/PhilSuslov/homework/inventory/internal/repository/converter/part.go:77.24,79.3 1 0
github.com/PhilSuslov/homework/inventory/internal/repository/converter/part.go:80.2,80.12 1 0
github.com/PhilSuslov/homework/inventory/internal/repository/converter/part.go:83.75,85.24 2 0
github.com/PhilSuslov/homework/inventory/internal/repository/converter/part.go:85.24,87.3 1 0
github.com/PhilSuslov/homework/inventory/internal/repository/converter/part.go:88.2,88.12 1 0
github.com/PhilSuslov/homework/inventory/internal/repository/converter/part.go:91.70,93.24 2 0
github.com/PhilSuslov/homework/inventory/internal/repository/converter/part.go:93.24,95.3 1 0
github.com/PhilSuslov/homework/inventory/internal/repository/converter/part.go:96.2,96.12 1 0
github.com/PhilSuslov/homework/inventory/internal/repository/converter/part.go:99.66,101.24 2 0
github.com/PhilSuslov/homework/inventory/internal/repository/converter/part.go:101.24,103.3 1 0
github.com/PhilSuslov/homework/inventory/internal/repository/converter/part.go:104.2,104.12 1 0
github.com/PhilSuslov/homework/inventory/internal/repository/part/get.go:11.109,16.9 4 0
github.com/PhilSuslov/homework/inventory/internal/repository/part/get.go:16.9,18.3 1 0
github.com/PhilSuslov/homework/inventory/internal/repository/part/get.go:20.2,22.8 1 0
github.com/PhilSuslov/homework/inventory/internal/repository/part/list.go:11.114,18.31 5 0
github.com/PhilSuslov/homework/inventory/internal/repository/part/list.go:18.31,19.34 1 0
github.com/PhilSuslov/homework/inventory/internal/repository/part/list.go:19.34,21.4 1 0
github.com/PhilSuslov/homework/inventory/internal/repository/part/list.go:23.2,25.8 1 0
github.com/PhilSuslov/homework/inventory/internal/repository/part/list.go:28.79,29.14 1 0
github.com/PhilSuslov/homework/inventory/internal/repository/part/list.go:29.14,31.3 1 0
github.com/PhilSuslov/homework/inventory/internal/repository/part/list.go:34.2,34.29 1 0
github.com/PhilSuslov/homework/inventory/internal/repository/part/list.go:34.29,36.37 2 0
github.com/PhilSuslov/homework/inventory/internal/repository/part/list.go:36.37,37.23 1 0
github.com/PhilSuslov/homework/inventory/internal/repository/part/list.go:37.23,39.10 2 0
github.com/PhilSuslov/homework/inventory/internal/repository/part/list.go:42.3,42.13 1 0
github.com/PhilSuslov/homework/inventory/internal/repository/part/list.go:42.13,44.4 1 0
github.com/PhilSuslov/homework/inventory/internal/repository/part/list.go:48.2,48.29 1 0
github.com/PhilSuslov/homework/inventory/internal/repository/part/list.go:48.29,50.39 2 0
github.com/PhilSuslov/homework/inventory/internal/repository/part/list.go:50.39,51.25 1 0
github.com/PhilSuslov/homework/inventory/internal/repository/part/list.go:51.25,53.10 2 0
github.com/PhilSuslov/homework/inventory/internal/repository/part/list.go:56.3,56.13 1 0
github.com/PhilSuslov/homework/inventory/internal/repository/part/list.go:56.13,58.4 1 0
github.com/PhilSuslov/homework/inventory/internal/repository/part/list.go:62.2,62.34 1 0
github.com/PhilSuslov/homework/inventory/internal/repository/part/list.go:62.34,64.43 2 0
github.com/PhilSuslov/homework/inventory/internal/repository/part/list.go:64.43,65.28 1 0
github.com/PhilSuslov/homework/inventory/internal/repository/part/list.go:65.28,67.10 2 0
github.com/PhilSuslov/homework/inventory/internal/repository/part/list.go:70.3,70.13 1 0
github.com/PhilSuslov/homework/inventory/internal/repository/part/list.go:70.13,72.4 1 0
github.com/PhilSuslov/homework/inventory/internal/repository/part/list.go:76.2,76.45 1 0
github.com/PhilSuslov/homework/inventory/internal/repository/part/list.go:76.45,78.58 2 0
github.com/PhilSuslov/homework/inventory/internal/repository/part/list.go:78.58,79.44 1 0
github.com/PhilSuslov/homework/inventory/internal/repository/part/list.go:79.44,81.10 2 0
github.com/PhilSuslov/homework/inventory/internal/repository/part/list.go:84.3,84.13 1 0
github.com/PhilSuslov/homework/inventory/internal/repository/part/list.go:84.13,86.4 1 0
github.com/PhilSuslov/homework/inventory/internal/repository/part/list.go:90.2,90.28 1 0
github.com/PhilSuslov/homework/inventory/internal/repository/part/list.go:90.28,92.37 2 0
github.com/PhilSuslov/homework/inventory/internal/repository/part/list.go:92.37,93.38 1 0
github.com/PhilSuslov/homework/inventory/internal/repository/part/list.go:93.38,94.23 1 0
github.com/PhilSuslov/homework/inventory/internal/repository/part/list.go:94.23,96.11 2 0
github.com/PhilSuslov/homework/inventory/internal/repository/part/list.go:99.4,99.13 1 0
github.com/PhilSuslov/homework/inventory/internal/repository/part/list.go:99.13,100.10 1 0
github.com/PhilSuslov/homework/inventory/internal/repository/part/list.go:103.3,103.13 1 0
github.com/PhilSuslov/homework/inventory/internal/repository/part/list.go:103.13,105.4 1 0
github.com/PhilSuslov/homework/inventory/internal/repository/part/list.go:108.2,108.13 1 0
github.com/PhilSuslov/homework/inventory/internal/repository/part/repository.go:19.34,31.2 4 0
github.com/PhilSuslov/homework/inventory/internal/repository/converter/part.go:9.64,23.2 1 0
github.com/PhilSuslov/homework/inventory/internal/repository/converter/part.go:25.60,39.2 1 14
github.com/PhilSuslov/homework/inventory/internal/repository/converter/part.go:41.70,49.2 1 0
github.com/PhilSuslov/homework/inventory/internal/repository/converter/part.go:51.74,60.2 1 7
github.com/PhilSuslov/homework/inventory/internal/repository/converter/part.go:62.89,66.2 1 7
github.com/PhilSuslov/homework/inventory/internal/repository/converter/part.go:69.85,73.2 1 0
github.com/PhilSuslov/homework/inventory/internal/repository/converter/part.go:75.71,77.24 2 0
github.com/PhilSuslov/homework/inventory/internal/repository/converter/part.go:77.24,79.3 1 0
github.com/PhilSuslov/homework/inventory/internal/repository/converter/part.go:80.2,80.12 1 0
github.com/PhilSuslov/homework/inventory/internal/repository/converter/part.go:83.75,85.24 2 7
github.com/PhilSuslov/homework/inventory/internal/repository/converter/part.go:85.24,87.3 1 2
github.com/PhilSuslov/homework/inventory/internal/repository/converter/part.go:88.2,88.12 1 7
github.com/PhilSuslov/homework/inventory/internal/repository/converter/part.go:91.70,93.24 2 0
github.com/PhilSuslov/homework/inventory/internal/repository/converter/part.go:93.24,95.3 1 0
github.com/PhilSuslov/homework/inventory/internal/repository/converter/part.go:96.2,96.12 1 0
github.com/PhilSuslov/homework/inventory/internal/repository/converter/part.go:99.66,101.24 2 7
github.com/PhilSuslov/homework/inventory/internal/repository/converter/part.go:101.24,103.3 1 13
github.com/PhilSuslov/homework/inventory/internal/repository/converter/part.go:104.2,104.12 1 7
github.com/PhilSuslov/homework/inventory/internal/repository/part/get.go:11.109,16.9 4 2
github.com/PhilSuslov/homework/inventory/internal/repository/part/get.go:16.9,18.3 1 1
github.com/PhilSuslov/homework/inventory/internal/repository/part/get.go:20.2,22.8 1 1
github.com/PhilSuslov/homework/inventory/internal/repository/part/list.go:11.114,18.31 5 7
github.com/PhilSuslov/homework/inventory/internal/repository/part/list.go:18.31,19.34 1 28
github.com/PhilSuslov/homework/inventory/internal/repository/part/list.go:19.34,21.4 1 13
github.com/PhilSuslov/homework/inventory/internal/repository/part/list.go:23.2,25.8 1 7
github.com/PhilSuslov/homework/inventory/internal/repository/part/list.go:28.79,29.14 1 28
github.com/PhilSuslov/homework/inventory/internal/repository/part/list.go:29.14,31.3 1 0
github.com/PhilSuslov/homework/inventory/internal/repository/part/list.go:34.2,34.29 1 28
github.com/PhilSuslov/homework/inventory/internal/repository/part/list.go:34.29,36.37 2 4
github.com/PhilSuslov/homework/inventory/internal/repository/part/list.go:36.37,37.23 1 4
github.com/PhilSuslov/homework/inventory/internal/repository/part/list.go:37.23,39.10 2 1
github.com/PhilSuslov/homework/inventory/internal/repository/part/list.go:42.3,42.13 1 4
github.com/PhilSuslov/homework/inventory/internal/repository/part/list.go:42.13,44.4 1 3
github.com/PhilSuslov/homework/inventory/internal/repository/part/list.go:48.2,48.29 1 25
github.com/PhilSuslov/homework/inventory/internal/repository/part/list.go:48.29,50.39 2 4
github.com/PhilSuslov/homework/inventory/internal/repository/part/list.go:50.39,51.25 1 4
github.com/PhilSuslov/homework/inventory/internal/repository/part/list.go:51.25,53.10 2 1
github.com/PhilSuslov/homework/inventory/internal/repository/part/list.go:56.3,56.13 1 4
github.com/PhilSuslov/homework/inventory/internal/repository/part/list.go:56.13,58.4 1 3
github.com/PhilSuslov/homework/inventory/internal/repository/part/list.go:62.2,62.34 1 22
github.com/PhilSuslov/homework/inventory/internal/repository/part/list.go:62.34,64.43 2 8
github.com/PhilSuslov/homework/inventory/internal/repository/part/list.go:64.43,65.28 1 8
github.com/PhilSuslov/homework/inventory/internal/repository/part/list.go:65.28,67.10 2 4
github.com/PhilSuslov/homework/inventory/internal/repository/part/list.go:70.3,70.13 1 8
github.com/PhilSuslov/homework/inventory/internal/repository/part/list.go:70.13,72.4 1 4
github.com/PhilSuslov/homework/inventory/internal/repository/part/list.go:76.2,76.45 1 18
github.com/PhilSuslov/homework/inventory/internal/repository/part/list.go:76.45,78.58 2 6
github.com/PhilSuslov/homework/inventory/internal/repository/part/list.go:78.58,79.44 1 6
github.com/PhilSuslov/homework/inventory/internal/repository/part/list.go:79.44,81.10 2 4
github.com/PhilSuslov/homework/inventory/internal/repository/part/list.go:84.3,84.13 1 6
github.com/PhilSuslov/homework/inventory/internal/repository/part/list.go:84.13,86.4 1 2
github.com/PhilSuslov/homework/inventory/internal/repository/part/list.go:90.2,90.28 1 16
github.com/PhilSuslov/homework/inventory/internal/repository/part/list.go:90.28,92.37 2 6
github.com/PhilSuslov/homework/inventory/internal/repository/part/list.go:92.37,93.38 1 6
github.com/PhilSuslov/homework/inventory/internal/repository/part/list.go:93.38,94.23 1 6
github.com/PhilSuslov/homework/inventory/internal/repository/part/list.go:94.23,96.11 2 3
github.com/PhilSuslov/homework/inventory/internal/repository/part/list.go:99.4,99.13 1 6
github.com/PhilSuslov/homework/inventory/internal/repository/part/list.go:99.13,100.10 1 3
github.com/PhilSuslov/homework/inventory/internal/repository/part/list.go:103.3,103.13 1 6
github.com/PhilSuslov/homework/inventory/internal/repository/part/list.go:103.13,105.4 1 3
github.com/PhilSuslov/homework/inventory/internal/repository/part/list.go:108.2,108.13 1 13
github.com/PhilSuslov/homework/inventory/internal/repository/part/repository.go:19.34,31.2 4 9
github.com/PhilSuslov/homework/inventory/internal/service/part/get.go:10.106,13.16 2 2
github.com/PhilSuslov/homework/inventory/internal/service/part/get.go:13.16,15.3 1 1
github.com/PhilSuslov/homework/inventory/internal/service/part/get.go:17.2,17.18 1 1
github.com/PhilSuslov/homework/inventory/internal/service/part/list.go:9.111,11.16 2 7
github.com/PhilSuslov/homework/inventory/internal/service/part/list.go:11.16,13.3 1 0
github.com/PhilSuslov/homework/inventory/internal/service/part/list.go:15.2,15.18 1 7
github.com/PhilSuslov/homework/inventory/internal/service/part/service.go:14.63,18.2 1 11
